[IgnoreCode] 2025-07-09T21:12:05.989498 Plugin IgnoreCode threw while analyzing C:\Users\Sophia\StudioProjects\color_app\lib\main.dart:
[IgnoreCode] 2025-07-09T21:12:05.989498 InconsistentAnalysisException: Requested result might be inconsistent with previously returned results
[IgnoreCode] 2025-07-09T21:12:05.989498
[IgnoreCode] 2025-07-09T21:12:05.989498 #0      AnalysisSessionImpl.checkConsistency (package:analyzer/src/dart/analysis/session.dart:59:7)
[IgnoreCode] 2025-07-09T21:12:05.989498 #1      AnalysisSessionImpl.getResolvedUnit (package:analyzer/src/dart/analysis/session.dart:160:5)
[IgnoreCode] 2025-07-09T21:12:05.989498 #2      ChangeBuilderImpl._createDartFileEditBuilder (package:analyzer_plugin/src/utilities/change_builder/change_builder_core.dart:321:33)
[IgnoreCode] 2025-07-09T21:12:05.989498 #3      ChangeBuilderImpl.addDartFileEdit (package:analyzer_plugin/src/utilities/change_builder/change_builder_core.dart:154:23)
[IgnoreCode] 2025-07-09T21:12:05.989498 #4      ChangeBuilderImpl.addDartFileEdit.<anonymous closure> (package:custom_lint_core/src/change_reporter.dart:241:35)
[IgnoreCode] 2025-07-09T21:12:05.989498 #5      new Future.<anonymous closure> (dart:async/future.dart:260:40)
[IgnoreCode] 2025-07-09T21:12:05.989498 #6      _rootRun (dart:async/zone.dart:1517:47)
[IgnoreCode] 2025-07-09T21:12:05.989498 #7      _CustomZone.run (dart:async/zone.dart:1422:19)
[IgnoreCode] 2025-07-09T21:12:05.989498 #8      _CustomZone.runGuarded (dart:async/zone.dart:1321:7)
[IgnoreCode] 2025-07-09T21:12:05.989498 #9      _CustomZone.bindCallbackGuarded.<anonymous closure> (dart:async/zone.dart:1362:23)
[IgnoreCode] 2025-07-09T21:12:05.989498 #10     _rootRun (dart:async/zone.dart:1525:13)
[IgnoreCode] 2025-07-09T21:12:05.989498 #11     _CustomZone.run (dart:async/zone.dart:1422:19)
[IgnoreCode] 2025-07-09T21:12:05.989498 #12     _CustomZone.bindCallback.<anonymous closure> (dart:async/zone.dart:1345:23)
[IgnoreCode] 2025-07-09T21:12:05.989498 #13     Timer._createTimer.<anonymous closure> (dart:async-patch/timer_patch.dart:18:15)
[IgnoreCode] 2025-07-09T21:12:05.989498 #14     _Timer._runTimers (dart:isolate-patch/timer_impl.dart:410:19)
[IgnoreCode] 2025-07-09T21:12:05.989498 #15     _Timer._handleMessage (dart:isolate-patch/timer_impl.dart:441:5)
[IgnoreCode] 2025-07-09T21:12:05.989498 #16     _RawReceivePort._handleMessage (dart:isolate-patch/isolate_patch.dart:193:12)
[IgnoreCode] 2025-07-09T21:12:05.989498
[IgnoreCode] 2025-07-09T21:12:05.995704 Plugin IgnoreCode threw while analyzing C:\Users\Sophia\StudioProjects\color_app\lib\main.dart:
[IgnoreCode] 2025-07-09T21:12:05.995704 InconsistentAnalysisException: Requested result might be inconsistent with previously returned results
[IgnoreCode] 2025-07-09T21:12:05.995704
[IgnoreCode] 2025-07-09T21:12:05.995704 #0      AnalysisSessionImpl.checkConsistency (package:analyzer/src/dart/analysis/session.dart:59:7)
[IgnoreCode] 2025-07-09T21:12:05.995704 #1      AnalysisSessionImpl.getResolvedUnit (package:analyzer/src/dart/analysis/session.dart:160:5)
[IgnoreCode] 2025-07-09T21:12:05.995704 #2      ChangeBuilderImpl._createDartFileEditBuilder (package:analyzer_plugin/src/utilities/change_builder/change_builder_core.dart:321:33)
[IgnoreCode] 2025-07-09T21:12:05.995704 #3      ChangeBuilderImpl.addDartFileEdit (package:analyzer_plugin/src/utilities/change_builder/change_builder_core.dart:154:23)
[IgnoreCode] 2025-07-09T21:12:05.995704 #4      ChangeBuilderImpl.addDartFileEdit.<anonymous closure> (package:custom_lint_core/src/change_reporter.dart:241:35)
[IgnoreCode] 2025-07-09T21:12:05.995704 #5      new Future.<anonymous closure> (dart:async/future.dart:260:40)
[IgnoreCode] 2025-07-09T21:12:05.995704 #6      _rootRun (dart:async/zone.dart:1517:47)
[IgnoreCode] 2025-07-09T21:12:05.995704 #7      _CustomZone.run (dart:async/zone.dart:1422:19)
[IgnoreCode] 2025-07-09T21:12:05.995704 #8      _CustomZone.runGuarded (dart:async/zone.dart:1321:7)
[IgnoreCode] 2025-07-09T21:12:05.995704 #9      _CustomZone.bindCallbackGuarded.<anonymous closure> (dart:async/zone.dart:1362:23)
[IgnoreCode] 2025-07-09T21:12:05.995704 #10     _rootRun (dart:async/zone.dart:1525:13)
[IgnoreCode] 2025-07-09T21:12:05.995704 #11     _CustomZone.run (dart:async/zone.dart:1422:19)
[IgnoreCode] 2025-07-09T21:12:05.995704 #12     _CustomZone.bindCallback.<anonymous closure> (dart:async/zone.dart:1345:23)
[IgnoreCode] 2025-07-09T21:12:05.995704 #13     Timer._createTimer.<anonymous closure> (dart:async-patch/timer_patch.dart:18:15)
[IgnoreCode] 2025-07-09T21:12:05.995704 #14     _Timer._runTimers (dart:isolate-patch/timer_impl.dart:410:19)
[IgnoreCode] 2025-07-09T21:12:05.995704 #15     _Timer._handleMessage (dart:isolate-patch/timer_impl.dart:441:5)
[IgnoreCode] 2025-07-09T21:12:05.995704 #16     _RawReceivePort._handleMessage (dart:isolate-patch/isolate_patch.dart:193:12)
[IgnoreCode] 2025-07-09T21:12:05.995704
[IgnoreCode] 2025-07-09T21:12:06.015710 Plugin IgnoreCode threw while analyzing C:\Users\Sophia\StudioProjects\color_app\lib\main.dart:
[IgnoreCode] 2025-07-09T21:12:06.015710 InconsistentAnalysisException: Requested result might be inconsistent with previously returned results
[IgnoreCode] 2025-07-09T21:12:06.015710
[IgnoreCode] 2025-07-09T21:12:06.015710 #0      AnalysisSessionImpl.checkConsistency (package:analyzer/src/dart/analysis/session.dart:59:7)
[IgnoreCode] 2025-07-09T21:12:06.015710 #1      AnalysisSessionImpl.getResolvedUnit (package:analyzer/src/dart/analysis/session.dart:160:5)
[IgnoreCode] 2025-07-09T21:12:06.015710 #2      ChangeBuilderImpl._createDartFileEditBuilder (package:analyzer_plugin/src/utilities/change_builder/change_builder_core.dart:321:33)
[IgnoreCode] 2025-07-09T21:12:06.015710 #3      ChangeBuilderImpl.addDartFileEdit (package:analyzer_plugin/src/utilities/change_builder/change_builder_core.dart:154:23)
[IgnoreCode] 2025-07-09T21:12:06.015710 #4      ChangeBuilderImpl.addDartFileEdit.<anonymous closure> (package:custom_lint_core/src/change_reporter.dart:241:35)
[IgnoreCode] 2025-07-09T21:12:06.015710 #5      new Future.<anonymous closure> (dart:async/future.dart:260:40)
[IgnoreCode] 2025-07-09T21:12:06.015710 #6      _rootRun (dart:async/zone.dart:1517:47)
[IgnoreCode] 2025-07-09T21:12:06.015710 #7      _CustomZone.run (dart:async/zone.dart:1422:19)
[IgnoreCode] 2025-07-09T21:12:06.015710 #8      _CustomZone.runGuarded (dart:async/zone.dart:1321:7)
[IgnoreCode] 2025-07-09T21:12:06.015710 #9      _CustomZone.bindCallbackGuarded.<anonymous closure> (dart:async/zone.dart:1362:23)
[IgnoreCode] 2025-07-09T21:12:06.015710 #10     _rootRun (dart:async/zone.dart:1525:13)
[IgnoreCode] 2025-07-09T21:12:06.015710 #11     _CustomZone.run (dart:async/zone.dart:1422:19)
[IgnoreCode] 2025-07-09T21:12:06.015710 #12     _CustomZone.bindCallback.<anonymous closure> (dart:async/zone.dart:1345:23)
[IgnoreCode] 2025-07-09T21:12:06.015710 #13     Timer._createTimer.<anonymous closure> (dart:async-patch/timer_patch.dart:18:15)
[IgnoreCode] 2025-07-09T21:12:06.015710 #14     _Timer._runTimers (dart:isolate-patch/timer_impl.dart:410:19)
[IgnoreCode] 2025-07-09T21:12:06.015710 #15     _Timer._handleMessage (dart:isolate-patch/timer_impl.dart:441:5)
[IgnoreCode] 2025-07-09T21:12:06.015710 #16     _RawReceivePort._handleMessage (dart:isolate-patch/isolate_patch.dart:193:12)
[IgnoreCode] 2025-07-09T21:12:06.015710
[IgnoreCode] 2025-07-09T21:12:06.032678 Plugin IgnoreCode threw while analyzing C:\Users\Sophia\StudioProjects\color_app\lib\main.dart:
[IgnoreCode] 2025-07-09T21:12:06.032678 InconsistentAnalysisException: Requested result might be inconsistent with previously returned results
[IgnoreCode] 2025-07-09T21:12:06.032678
[IgnoreCode] 2025-07-09T21:12:06.032678 #0      AnalysisSessionImpl.checkConsistency (package:analyzer/src/dart/analysis/session.dart:59:7)
[IgnoreCode] 2025-07-09T21:12:06.032678 #1      AnalysisSessionImpl.getResolvedUnit (package:analyzer/src/dart/analysis/session.dart:160:5)
[IgnoreCode] 2025-07-09T21:12:06.032678 #2      ChangeBuilderImpl._createDartFileEditBuilder (package:analyzer_plugin/src/utilities/change_builder/change_builder_core.dart:321:33)
[IgnoreCode] 2025-07-09T21:12:06.032678 #3      ChangeBuilderImpl.addDartFileEdit (package:analyzer_plugin/src/utilities/change_builder/change_builder_core.dart:154:23)
[IgnoreCode] 2025-07-09T21:12:06.032678 #4      ChangeBuilderImpl.addDartFileEdit.<anonymous closure> (package:custom_lint_core/src/change_reporter.dart:241:35)
[IgnoreCode] 2025-07-09T21:12:06.032678 #5      new Future.<anonymous closure> (dart:async/future.dart:260:40)
[IgnoreCode] 2025-07-09T21:12:06.032678 #6      _rootRun (dart:async/zone.dart:1517:47)
[IgnoreCode] 2025-07-09T21:12:06.032678 #7      _CustomZone.run (dart:async/zone.dart:1422:19)
[IgnoreCode] 2025-07-09T21:12:06.032678 #8      _CustomZone.runGuarded (dart:async/zone.dart:1321:7)
[IgnoreCode] 2025-07-09T21:12:06.032678 #9      _CustomZone.bindCallbackGuarded.<anonymous closure> (dart:async/zone.dart:1362:23)
[IgnoreCode] 2025-07-09T21:12:06.032678 #10     _rootRun (dart:async/zone.dart:1525:13)
[IgnoreCode] 2025-07-09T21:12:06.032678 #11     _CustomZone.run (dart:async/zone.dart:1422:19)
[IgnoreCode] 2025-07-09T21:12:06.032678 #12     _CustomZone.bindCallback.<anonymous closure> (dart:async/zone.dart:1345:23)
[IgnoreCode] 2025-07-09T21:12:06.032678 #13     Timer._createTimer.<anonymous closure> (dart:async-patch/timer_patch.dart:18:15)
[IgnoreCode] 2025-07-09T21:12:06.032678 #14     _Timer._runTimers (dart:isolate-patch/timer_impl.dart:410:19)
[IgnoreCode] 2025-07-09T21:12:06.032678 #15     _Timer._handleMessage (dart:isolate-patch/timer_impl.dart:441:5)
[IgnoreCode] 2025-07-09T21:12:06.032678 #16     _RawReceivePort._handleMessage (dart:isolate-patch/isolate_patch.dart:193:12)
[IgnoreCode] 2025-07-09T21:12:06.032678
[IgnoreCode] 2025-07-09T21:18:16.363334 Plugin IgnoreCode threw while analyzing C:\Users\Sophia\StudioProjects\color_app\lib\main.dart:
[IgnoreCode] 2025-07-09T21:18:16.363334 InconsistentAnalysisException: Requested result might be inconsistent with previously returned results
[IgnoreCode] 2025-07-09T21:18:16.363334
[IgnoreCode] 2025-07-09T21:18:16.363334 #0      AnalysisSessionImpl.checkConsistency (package:analyzer/src/dart/analysis/session.dart:59:7)
[IgnoreCode] 2025-07-09T21:18:16.363334 #1      AnalysisSessionImpl.getResolvedUnit (package:analyzer/src/dart/analysis/session.dart:160:5)
[IgnoreCode] 2025-07-09T21:18:16.363334 #2      ChangeBuilderImpl._createDartFileEditBuilder (package:analyzer_plugin/src/utilities/change_builder/change_builder_core.dart:321:33)
[IgnoreCode] 2025-07-09T21:18:16.363334 #3      ChangeBuilderImpl.addDartFileEdit (package:analyzer_plugin/src/utilities/change_builder/change_builder_core.dart:154:23)
[IgnoreCode] 2025-07-09T21:18:16.363334 #4      ChangeBuilderImpl.addDartFileEdit.<anonymous closure> (package:custom_lint_core/src/change_reporter.dart:241:35)
[IgnoreCode] 2025-07-09T21:18:16.363334 #5      new Future.<anonymous closure> (dart:async/future.dart:260:40)
[IgnoreCode] 2025-07-09T21:18:16.363334 #6      _rootRun (dart:async/zone.dart:1517:47)
[IgnoreCode] 2025-07-09T21:18:16.363334 #7      _CustomZone.run (dart:async/zone.dart:1422:19)
[IgnoreCode] 2025-07-09T21:18:16.363334 #8      _CustomZone.runGuarded (dart:async/zone.dart:1321:7)
[IgnoreCode] 2025-07-09T21:18:16.363334 #9      _CustomZone.bindCallbackGuarded.<anonymous closure> (dart:async/zone.dart:1362:23)
[IgnoreCode] 2025-07-09T21:18:16.363334 #10     _rootRun (dart:async/zone.dart:1525:13)
[IgnoreCode] 2025-07-09T21:18:16.363334 #11     _CustomZone.run (dart:async/zone.dart:1422:19)
[IgnoreCode] 2025-07-09T21:18:16.363334 #12     _CustomZone.bindCallback.<anonymous closure> (dart:async/zone.dart:1345:23)
[IgnoreCode] 2025-07-09T21:18:16.363334 #13     Timer._createTimer.<anonymous closure> (dart:async-patch/timer_patch.dart:18:15)
[IgnoreCode] 2025-07-09T21:18:16.363334 #14     _Timer._runTimers (dart:isolate-patch/timer_impl.dart:410:19)
[IgnoreCode] 2025-07-09T21:18:16.363334 #15     _Timer._handleMessage (dart:isolate-patch/timer_impl.dart:441:5)
[IgnoreCode] 2025-07-09T21:18:16.363334 #16     _RawReceivePort._handleMessage (dart:isolate-patch/isolate_patch.dart:193:12)
[IgnoreCode] 2025-07-09T21:18:16.363334
[IgnoreCode] 2025-07-09T21:18:16.365340 Plugin IgnoreCode threw while analyzing C:\Users\Sophia\StudioProjects\color_app\lib\main.dart:
[IgnoreCode] 2025-07-09T21:18:16.365340 InconsistentAnalysisException: Requested result might be inconsistent with previously returned results
[IgnoreCode] 2025-07-09T21:18:16.365340
[IgnoreCode] 2025-07-09T21:18:16.365340 #0      AnalysisSessionImpl.checkConsistency (package:analyzer/src/dart/analysis/session.dart:59:7)
[IgnoreCode] 2025-07-09T21:18:16.365340 #1      AnalysisSessionImpl.getResolvedUnit (package:analyzer/src/dart/analysis/session.dart:160:5)
[IgnoreCode] 2025-07-09T21:18:16.365340 #2      ChangeBuilderImpl._createDartFileEditBuilder (package:analyzer_plugin/src/utilities/change_builder/change_builder_core.dart:321:33)
[IgnoreCode] 2025-07-09T21:18:16.365340 #3      ChangeBuilderImpl.addDartFileEdit (package:analyzer_plugin/src/utilities/change_builder/change_builder_core.dart:154:23)
[IgnoreCode] 2025-07-09T21:18:16.365340 #4      ChangeBuilderImpl.addDartFileEdit.<anonymous closure> (package:custom_lint_core/src/change_reporter.dart:241:35)
[IgnoreCode] 2025-07-09T21:18:16.365340 #5      new Future.<anonymous closure> (dart:async/future.dart:260:40)
[IgnoreCode] 2025-07-09T21:18:16.365340 #6      _rootRun (dart:async/zone.dart:1517:47)
[IgnoreCode] 2025-07-09T21:18:16.365340 #7      _CustomZone.run (dart:async/zone.dart:1422:19)
[IgnoreCode] 2025-07-09T21:18:16.365340 #8      _CustomZone.runGuarded (dart:async/zone.dart:1321:7)
[IgnoreCode] 2025-07-09T21:18:16.365340 #9      _CustomZone.bindCallbackGuarded.<anonymous closure> (dart:async/zone.dart:1362:23)
[IgnoreCode] 2025-07-09T21:18:16.365340 #10     _rootRun (dart:async/zone.dart:1525:13)
[IgnoreCode] 2025-07-09T21:18:16.365340 #11     _CustomZone.run (dart:async/zone.dart:1422:19)
[IgnoreCode] 2025-07-09T21:18:16.365340 #12     _CustomZone.bindCallback.<anonymous closure> (dart:async/zone.dart:1345:23)
[IgnoreCode] 2025-07-09T21:18:16.365340 #13     Timer._createTimer.<anonymous closure> (dart:async-patch/timer_patch.dart:18:15)
[IgnoreCode] 2025-07-09T21:18:16.365340 #14     _Timer._runTimers (dart:isolate-patch/timer_impl.dart:410:19)
[IgnoreCode] 2025-07-09T21:18:16.365340 #15     _Timer._handleMessage (dart:isolate-patch/timer_impl.dart:441:5)
[IgnoreCode] 2025-07-09T21:18:16.365340 #16     _RawReceivePort._handleMessage (dart:isolate-patch/isolate_patch.dart:193:12)
[IgnoreCode] 2025-07-09T21:18:16.365340
[IgnoreCode] 2025-07-09T21:18:34.373019 Plugin IgnoreCode threw while analyzing C:\Users\Sophia\StudioProjects\color_app\lib\main.dart:
[IgnoreCode] 2025-07-09T21:18:34.373019 InconsistentAnalysisException: Requested result might be inconsistent with previously returned results
[IgnoreCode] 2025-07-09T21:18:34.373019
[IgnoreCode] 2025-07-09T21:18:34.373019 #0      AnalysisSessionImpl.checkConsistency (package:analyzer/src/dart/analysis/session.dart:59:7)
[IgnoreCode] 2025-07-09T21:18:34.373019 #1      AnalysisSessionImpl.getResolvedUnit (package:analyzer/src/dart/analysis/session.dart:160:5)
[IgnoreCode] 2025-07-09T21:18:34.373019 #2      ChangeBuilderImpl._createDartFileEditBuilder (package:analyzer_plugin/src/utilities/change_builder/change_builder_core.dart:321:33)
[IgnoreCode] 2025-07-09T21:18:34.373019 #3      ChangeBuilderImpl.addDartFileEdit (package:analyzer_plugin/src/utilities/change_builder/change_builder_core.dart:154:23)
[IgnoreCode] 2025-07-09T21:18:34.373019 #4      ChangeBuilderImpl.addDartFileEdit.<anonymous closure> (package:custom_lint_core/src/change_reporter.dart:241:35)
[IgnoreCode] 2025-07-09T21:18:34.373019 #5      new Future.<anonymous closure> (dart:async/future.dart:260:40)
[IgnoreCode] 2025-07-09T21:18:34.373019 #6      _rootRun (dart:async/zone.dart:1517:47)
[IgnoreCode] 2025-07-09T21:18:34.373019 #7      _CustomZone.run (dart:async/zone.dart:1422:19)
[IgnoreCode] 2025-07-09T21:18:34.373019 #8      _CustomZone.runGuarded (dart:async/zone.dart:1321:7)
[IgnoreCode] 2025-07-09T21:18:34.373019 #9      _CustomZone.bindCallbackGuarded.<anonymous closure> (dart:async/zone.dart:1362:23)
[IgnoreCode] 2025-07-09T21:18:34.373019 #10     _rootRun (dart:async/zone.dart:1525:13)
[IgnoreCode] 2025-07-09T21:18:34.373019 #11     _CustomZone.run (dart:async/zone.dart:1422:19)
[IgnoreCode] 2025-07-09T21:18:34.373019 #12     _CustomZone.bindCallback.<anonymous closure> (dart:async/zone.dart:1345:23)
[IgnoreCode] 2025-07-09T21:18:34.373019 #13     Timer._createTimer.<anonymous closure> (dart:async-patch/timer_patch.dart:18:15)
[IgnoreCode] 2025-07-09T21:18:34.373019 #14     _Timer._runTimers (dart:isolate-patch/timer_impl.dart:410:19)
[IgnoreCode] 2025-07-09T21:18:34.373019 #15     _Timer._handleMessage (dart:isolate-patch/timer_impl.dart:441:5)
[IgnoreCode] 2025-07-09T21:18:34.373019 #16     _RawReceivePort._handleMessage (dart:isolate-patch/isolate_patch.dart:193:12)
[IgnoreCode] 2025-07-09T21:18:34.373019
[IgnoreCode] 2025-07-09T21:18:34.375024 Plugin IgnoreCode threw while analyzing C:\Users\Sophia\StudioProjects\color_app\lib\main.dart:
[IgnoreCode] 2025-07-09T21:18:34.375024 InconsistentAnalysisException: Requested result might be inconsistent with previously returned results
[IgnoreCode] 2025-07-09T21:18:34.375024
[IgnoreCode] 2025-07-09T21:18:34.375024 #0      AnalysisSessionImpl.checkConsistency (package:analyzer/src/dart/analysis/session.dart:59:7)
[IgnoreCode] 2025-07-09T21:18:34.375024 #1      AnalysisSessionImpl.getResolvedUnit (package:analyzer/src/dart/analysis/session.dart:160:5)
[IgnoreCode] 2025-07-09T21:18:34.375024 #2      ChangeBuilderImpl._createDartFileEditBuilder (package:analyzer_plugin/src/utilities/change_builder/change_builder_core.dart:321:33)
[IgnoreCode] 2025-07-09T21:18:34.375024 #3      ChangeBuilderImpl.addDartFileEdit (package:analyzer_plugin/src/utilities/change_builder/change_builder_core.dart:154:23)
[IgnoreCode] 2025-07-09T21:18:34.375024 #4      ChangeBuilderImpl.addDartFileEdit.<anonymous closure> (package:custom_lint_core/src/change_reporter.dart:241:35)
[IgnoreCode] 2025-07-09T21:18:34.375024 #5      new Future.<anonymous closure> (dart:async/future.dart:260:40)
[IgnoreCode] 2025-07-09T21:18:34.375024 #6      _rootRun (dart:async/zone.dart:1517:47)
[IgnoreCode] 2025-07-09T21:18:34.375024 #7      _CustomZone.run (dart:async/zone.dart:1422:19)
[IgnoreCode] 2025-07-09T21:18:34.375024 #8      _CustomZone.runGuarded (dart:async/zone.dart:1321:7)
[IgnoreCode] 2025-07-09T21:18:34.375024 #9      _CustomZone.bindCallbackGuarded.<anonymous closure> (dart:async/zone.dart:1362:23)
[IgnoreCode] 2025-07-09T21:18:34.375024 #10     _rootRun (dart:async/zone.dart:1525:13)
[IgnoreCode] 2025-07-09T21:18:34.375024 #11     _CustomZone.run (dart:async/zone.dart:1422:19)
[IgnoreCode] 2025-07-09T21:18:34.375024 #12     _CustomZone.bindCallback.<anonymous closure> (dart:async/zone.dart:1345:23)
[IgnoreCode] 2025-07-09T21:18:34.375024 #13     Timer._createTimer.<anonymous closure> (dart:async-patch/timer_patch.dart:18:15)
[IgnoreCode] 2025-07-09T21:18:34.375024 #14     _Timer._runTimers (dart:isolate-patch/timer_impl.dart:410:19)
[IgnoreCode] 2025-07-09T21:18:34.375024 #15     _Timer._handleMessage (dart:isolate-patch/timer_impl.dart:441:5)
[IgnoreCode] 2025-07-09T21:18:34.375024 #16     _RawReceivePort._handleMessage (dart:isolate-patch/isolate_patch.dart:193:12)
[IgnoreCode] 2025-07-09T21:18:34.375024
[IgnoreCode] 2025-07-09T21:21:34.983523 Plugin IgnoreCode threw while analyzing C:\Users\Sophia\StudioProjects\color_app\lib\main.dart:
[IgnoreCode] 2025-07-09T21:21:34.983523 InconsistentAnalysisException: Requested result might be inconsistent with previously returned results
[IgnoreCode] 2025-07-09T21:21:34.983523
[IgnoreCode] 2025-07-09T21:21:34.983523 #0      AnalysisSessionImpl.checkConsistency (package:analyzer/src/dart/analysis/session.dart:59:7)
[IgnoreCode] 2025-07-09T21:21:34.983523 #1      AnalysisSessionImpl.getResolvedUnit (package:analyzer/src/dart/analysis/session.dart:160:5)
[IgnoreCode] 2025-07-09T21:21:34.983523 #2      ChangeBuilderImpl._createDartFileEditBuilder (package:analyzer_plugin/src/utilities/change_builder/change_builder_core.dart:321:33)
[IgnoreCode] 2025-07-09T21:21:34.983523 #3      ChangeBuilderImpl.addDartFileEdit (package:analyzer_plugin/src/utilities/change_builder/change_builder_core.dart:154:23)
[IgnoreCode] 2025-07-09T21:21:34.983523 #4      ChangeBuilderImpl.addDartFileEdit.<anonymous closure> (package:custom_lint_core/src/change_reporter.dart:241:35)
[IgnoreCode] 2025-07-09T21:21:34.983523 #5      new Future.<anonymous closure> (dart:async/future.dart:260:40)
[IgnoreCode] 2025-07-09T21:21:34.983523 #6      _rootRun (dart:async/zone.dart:1517:47)
[IgnoreCode] 2025-07-09T21:21:34.983523 #7      _CustomZone.run (dart:async/zone.dart:1422:19)
[IgnoreCode] 2025-07-09T21:21:34.983523 #8      _CustomZone.runGuarded (dart:async/zone.dart:1321:7)
[IgnoreCode] 2025-07-09T21:21:34.983523 #9      _CustomZone.bindCallbackGuarded.<anonymous closure> (dart:async/zone.dart:1362:23)
[IgnoreCode] 2025-07-09T21:21:34.983523 #10     _rootRun (dart:async/zone.dart:1525:13)
[IgnoreCode] 2025-07-09T21:21:34.983523 #11     _CustomZone.run (dart:async/zone.dart:1422:19)
[IgnoreCode] 2025-07-09T21:21:34.983523 #12     _CustomZone.bindCallback.<anonymous closure> (dart:async/zone.dart:1345:23)
[IgnoreCode] 2025-07-09T21:21:34.983523 #13     Timer._createTimer.<anonymous closure> (dart:async-patch/timer_patch.dart:18:15)
[IgnoreCode] 2025-07-09T21:21:34.983523 #14     _Timer._runTimers (dart:isolate-patch/timer_impl.dart:410:19)
[IgnoreCode] 2025-07-09T21:21:34.983523 #15     _Timer._handleMessage (dart:isolate-patch/timer_impl.dart:441:5)
[IgnoreCode] 2025-07-09T21:21:34.983523 #16     _RawReceivePort._handleMessage (dart:isolate-patch/isolate_patch.dart:193:12)
[IgnoreCode] 2025-07-09T21:21:34.983523
[IgnoreCode] 2025-07-09T21:21:34.985128 Plugin IgnoreCode threw while analyzing C:\Users\Sophia\StudioProjects\color_app\lib\main.dart:
[IgnoreCode] 2025-07-09T21:21:34.985128 InconsistentAnalysisException: Requested result might be inconsistent with previously returned results
[IgnoreCode] 2025-07-09T21:21:34.985128
[IgnoreCode] 2025-07-09T21:21:34.985128 #0      AnalysisSessionImpl.checkConsistency (package:analyzer/src/dart/analysis/session.dart:59:7)
[IgnoreCode] 2025-07-09T21:21:34.985128 #1      AnalysisSessionImpl.getResolvedUnit (package:analyzer/src/dart/analysis/session.dart:160:5)
[IgnoreCode] 2025-07-09T21:21:34.985128 #2      ChangeBuilderImpl._createDartFileEditBuilder (package:analyzer_plugin/src/utilities/change_builder/change_builder_core.dart:321:33)
[IgnoreCode] 2025-07-09T21:21:34.985128 #3      ChangeBuilderImpl.addDartFileEdit (package:analyzer_plugin/src/utilities/change_builder/change_builder_core.dart:154:23)
[IgnoreCode] 2025-07-09T21:21:34.985128 #4      ChangeBuilderImpl.addDartFileEdit.<anonymous closure> (package:custom_lint_core/src/change_reporter.dart:241:35)
[IgnoreCode] 2025-07-09T21:21:34.985128 #5      new Future.<anonymous closure> (dart:async/future.dart:260:40)
[IgnoreCode] 2025-07-09T21:21:34.985128 #6      _rootRun (dart:async/zone.dart:1517:47)
[IgnoreCode] 2025-07-09T21:21:34.985128 #7      _CustomZone.run (dart:async/zone.dart:1422:19)
[IgnoreCode] 2025-07-09T21:21:34.985128 #8      _CustomZone.runGuarded (dart:async/zone.dart:1321:7)
[IgnoreCode] 2025-07-09T21:21:34.985128 #9      _CustomZone.bindCallbackGuarded.<anonymous closure> (dart:async/zone.dart:1362:23)
[IgnoreCode] 2025-07-09T21:21:34.985128 #10     _rootRun (dart:async/zone.dart:1525:13)
[IgnoreCode] 2025-07-09T21:21:34.985128 #11     _CustomZone.run (dart:async/zone.dart:1422:19)
[IgnoreCode] 2025-07-09T21:21:34.985128 #12     _CustomZone.bindCallback.<anonymous closure> (dart:async/zone.dart:1345:23)
[IgnoreCode] 2025-07-09T21:21:34.985128 #13     Timer._createTimer.<anonymous closure> (dart:async-patch/timer_patch.dart:18:15)
[IgnoreCode] 2025-07-09T21:21:34.985128 #14     _Timer._runTimers (dart:isolate-patch/timer_impl.dart:410:19)
[IgnoreCode] 2025-07-09T21:21:34.985128 #15     _Timer._handleMessage (dart:isolate-patch/timer_impl.dart:441:5)
[IgnoreCode] 2025-07-09T21:21:34.985128 #16     _RawReceivePort._handleMessage (dart:isolate-patch/isolate_patch.dart:193:12)
[IgnoreCode] 2025-07-09T21:21:34.985128
[IgnoreCode] 2025-07-09T21:25:48.551662 Plugin IgnoreCode threw while analyzing C:\Users\Sophia\StudioProjects\color_app\lib\config.dart:
[IgnoreCode] 2025-07-09T21:25:48.551662 InconsistentAnalysisException: Requested result might be inconsistent with previously returned results
[IgnoreCode] 2025-07-09T21:25:48.551662
[IgnoreCode] 2025-07-09T21:25:48.551662 #0      AnalysisSessionImpl.checkConsistency (package:analyzer/src/dart/analysis/session.dart:59:7)
[IgnoreCode] 2025-07-09T21:25:48.551662 #1      AnalysisSessionImpl.getResolvedUnit (package:analyzer/src/dart/analysis/session.dart:160:5)
[IgnoreCode] 2025-07-09T21:25:48.551662 #2      ChangeBuilderImpl._createDartFileEditBuilder (package:analyzer_plugin/src/utilities/change_builder/change_builder_core.dart:321:33)
[IgnoreCode] 2025-07-09T21:25:48.551662 #3      ChangeBuilderImpl.addDartFileEdit (package:analyzer_plugin/src/utilities/change_builder/change_builder_core.dart:154:23)
[IgnoreCode] 2025-07-09T21:25:48.551662 #4      ChangeBuilderImpl.addDartFileEdit.<anonymous closure> (package:custom_lint_core/src/change_reporter.dart:241:35)
[IgnoreCode] 2025-07-09T21:25:48.551662 #5      new Future.<anonymous closure> (dart:async/future.dart:260:40)
[IgnoreCode] 2025-07-09T21:25:48.551662 #6      _rootRun (dart:async/zone.dart:1517:47)
[IgnoreCode] 2025-07-09T21:25:48.551662 #7      _CustomZone.run (dart:async/zone.dart:1422:19)
[IgnoreCode] 2025-07-09T21:25:48.551662 #8      _CustomZone.runGuarded (dart:async/zone.dart:1321:7)
[IgnoreCode] 2025-07-09T21:25:48.551662 #9      _CustomZone.bindCallbackGuarded.<anonymous closure> (dart:async/zone.dart:1362:23)
[IgnoreCode] 2025-07-09T21:25:48.551662 #10     _rootRun (dart:async/zone.dart:1525:13)
[IgnoreCode] 2025-07-09T21:25:48.551662 #11     _CustomZone.run (dart:async/zone.dart:1422:19)
[IgnoreCode] 2025-07-09T21:25:48.551662 #12     _CustomZone.bindCallback.<anonymous closure> (dart:async/zone.dart:1345:23)
[IgnoreCode] 2025-07-09T21:25:48.551662 #13     Timer._createTimer.<anonymous closure> (dart:async-patch/timer_patch.dart:18:15)
[IgnoreCode] 2025-07-09T21:25:48.551662 #14     _Timer._runTimers (dart:isolate-patch/timer_impl.dart:410:19)
[IgnoreCode] 2025-07-09T21:25:48.551662 #15     _Timer._handleMessage (dart:isolate-patch/timer_impl.dart:441:5)
[IgnoreCode] 2025-07-09T21:25:48.551662 #16     _RawReceivePort._handleMessage (dart:isolate-patch/isolate_patch.dart:193:12)
[IgnoreCode] 2025-07-09T21:25:48.551662
[IgnoreCode] 2025-07-09T21:25:48.554669 Plugin IgnoreCode threw while analyzing C:\Users\Sophia\StudioProjects\color_app\lib\config.dart:
[IgnoreCode] 2025-07-09T21:25:48.554669 InconsistentAnalysisException: Requested result might be inconsistent with previously returned results
[IgnoreCode] 2025-07-09T21:25:48.554669
[IgnoreCode] 2025-07-09T21:25:48.554669 #0      AnalysisSessionImpl.checkConsistency (package:analyzer/src/dart/analysis/session.dart:59:7)
[IgnoreCode] 2025-07-09T21:25:48.554669 #1      AnalysisSessionImpl.getResolvedUnit (package:analyzer/src/dart/analysis/session.dart:160:5)
[IgnoreCode] 2025-07-09T21:25:48.554669 #2      ChangeBuilderImpl._createDartFileEditBuilder (package:analyzer_plugin/src/utilities/change_builder/change_builder_core.dart:321:33)
[IgnoreCode] 2025-07-09T21:25:48.554669 #3      ChangeBuilderImpl.addDartFileEdit (package:analyzer_plugin/src/utilities/change_builder/change_builder_core.dart:154:23)
[IgnoreCode] 2025-07-09T21:25:48.554669 #4      ChangeBuilderImpl.addDartFileEdit.<anonymous closure> (package:custom_lint_core/src/change_reporter.dart:241:35)
[IgnoreCode] 2025-07-09T21:25:48.554669 #5      new Future.<anonymous closure> (dart:async/future.dart:260:40)
[IgnoreCode] 2025-07-09T21:25:48.554669 #6      _rootRun (dart:async/zone.dart:1517:47)
[IgnoreCode] 2025-07-09T21:25:48.554669 #7      _CustomZone.run (dart:async/zone.dart:1422:19)
[IgnoreCode] 2025-07-09T21:25:48.554669 #8      _CustomZone.runGuarded (dart:async/zone.dart:1321:7)
[IgnoreCode] 2025-07-09T21:25:48.554669 #9      _CustomZone.bindCallbackGuarded.<anonymous closure> (dart:async/zone.dart:1362:23)
[IgnoreCode] 2025-07-09T21:25:48.554669 #10     _rootRun (dart:async/zone.dart:1525:13)
[IgnoreCode] 2025-07-09T21:25:48.554669 #11     _CustomZone.run (dart:async/zone.dart:1422:19)
[IgnoreCode] 2025-07-09T21:25:48.554669 #12     _CustomZone.bindCallback.<anonymous closure> (dart:async/zone.dart:1345:23)
[IgnoreCode] 2025-07-09T21:25:48.554669 #13     Timer._createTimer.<anonymous closure> (dart:async-patch/timer_patch.dart:18:15)
[IgnoreCode] 2025-07-09T21:25:48.554669 #14     _Timer._runTimers (dart:isolate-patch/timer_impl.dart:410:19)
[IgnoreCode] 2025-07-09T21:25:48.554669 #15     _Timer._handleMessage (dart:isolate-patch/timer_impl.dart:441:5)
[IgnoreCode] 2025-07-09T21:25:48.554669 #16     _RawReceivePort._handleMessage (dart:isolate-patch/isolate_patch.dart:193:12)
[IgnoreCode] 2025-07-09T21:25:48.554669
